
Gurobi 9.1.1 (mac64) logging started Fri Feb 26 16:49:31 2021

Changed value of parameter LogFile to gurobi.log
   Prev:   Default: 
Gurobi Optimizer version 9.1.1 build v9.1.1rc0 (mac64)
Thread count: 8 physical cores, 16 logical processors, using up to 16 threads
Optimize a model with 1 rows, 481 columns and 481 nonzeros
Model fingerprint: 0xd17834a0
Model has 115921 quadratic objective terms
Variable types: 0 continuous, 481 integer (481 binary)
Coefficient statistics:
  Matrix range     [1e+00, 1e+00]
  Objective range  [0e+00, 0e+00]
  QObjective range [9e-06, 4e+00]
  Bounds range     [1e+00, 1e+00]
  RHS range        [2e+01, 2e+01]
Found heuristic solution: objective 454.8889151
Presolve time: 0.03s
Presolved: 1 rows, 481 columns, 481 nonzeros
Presolved model has 115921 quadratic objective terms
Variable types: 0 continuous, 481 integer (481 binary)

Root relaxation: objective 0.000000e+00, 88 iterations, 0.01 seconds

    Nodes    |    Current Node    |     Objective Bounds      |     Work
 Expl Unexpl |  Obj  Depth IntInf | Incumbent    BestBd   Gap | It/Node Time

     0     0    0.00000    0   50  454.88892    0.00000   100%     -    0s
H    0     0                       2.6209667    0.00000   100%     -    0s
H    0     0                       1.7915105    0.00000   100%     -    0s
     0     0    0.00000    0   50    1.79151    0.00000   100%     -    0s
     0     2    0.00000    0   50    1.79151    0.00000   100%     -    0s
H   32    40                       1.5726286    0.00000   100%  13.9    0s
H   34    40                       1.5133170    0.00000   100%  14.0    0s
H  315   557                       1.3762913    0.00000   100%  17.4    1s
H 1874  2133                       1.1609289    0.00000   100%  16.8    2s
  5616  5381    0.00000   16   50    1.16093    0.00000   100%  21.9    5s
 14524 12304    0.00000  185   49    1.16093    0.00000   100%  20.5   10s
 22038 18555    0.38768  364   39    1.16093    0.00000   100%  21.1   15s
 35026 28418    0.00000  332   49    1.16093    0.00000   100%  19.7   20s
 42644 46640    0.00000  317   49    1.16093    0.00000   100%  20.0   30s
H52033 46523                       1.1275415    0.00000   100%  20.3   30s
 66106 55136    1.09531  391   32    1.12754    0.00000   100%  20.6   35s
 75976 62364    0.43095  330   44    1.12754    0.00000   100%  20.6   40s
 85451 71050    0.00000  265   49    1.12754    0.00000   100%  20.7   45s
 95356 78678    0.25536  372   39    1.12754    0.00000   100%  20.5   50s
 107043 88751    0.00000  244   49    1.12754    0.00000   100%  20.3   55s
 116836 96520    0.90657  362   32    1.12754    0.00000   100%  20.4   60s
 124153 102198    0.57711  342   39    1.12754    0.00000   100%  20.6   65s
 133723 109349    0.15512  292   41    1.12754    0.00000   100%  20.8   70s
H137517 110805                       1.0771911    0.00000   100%  21.0   71s
 144235 116161    0.00000  290   49    1.07719    0.00000   100%  21.0   75s
 154014 122063    0.00000  297   49    1.07719    0.00000   100%  21.1   80s
 160735 128576    0.53334  309   44    1.07719    0.00000   100%  21.3   85s
 169326 135215    0.23590  308   41    1.07719    0.00000   100%  21.5   91s
 174085 139520    0.01755  294   46    1.07719    0.00000   100%  21.6   95s
 181498 145051    0.36971  315   40    1.07719    0.00000   100%  21.7  100s
 191649 152169    0.00431  297   47    1.07719    0.00000   100%  21.7  105s
 199452 159519    1.01248  373   32    1.07719    0.00000   100%  21.9  111s
 211358 166004    0.01150  326   48    1.07719    0.00000   100%  21.8  116s
 221011 173081    0.00088  315   48    1.07719    0.00000   100%  21.8  120s
 227330 177715    0.00000  305   49    1.07719    0.00000   100%  21.9  125s
 236772 184961    0.18660  298   43    1.07719    0.00000   100%  21.9  130s
 247042 192991    0.30068  325   41    1.07719    0.00000   100%  22.1  136s
 252957 196178    0.00620  268   47    1.07719    0.00000   100%  22.0  140s
 259637 202204    0.12748  310   43    1.07719    0.00000   100%  22.1  145s
H267749 195275                       0.8873491    0.00000   100%  22.2  148s
 270682 197984    0.77222  321   35    0.88735    0.00000   100%  22.1  150s
 280920 202422    0.81084  321   39    0.88735    0.00000   100%  22.1  155s
 281175 213324    0.01647  308   47    0.88735    0.00000   100%  22.1  165s
 303284 218916    0.14121  329   47    0.88735    0.00000   100%  22.1  171s
 312753 226538    0.00000  318   49    0.88735    0.00000   100%  22.1  175s
 317341 231037    0.61656  360   35    0.88735    0.00000   100%  22.1  180s
 331370 242073    0.59313  384   38    0.88735    0.00000   100%  22.0  185s
 345013 252063    0.00000  303   49    0.88735    0.00000   100%  21.9  190s
 353704 257798    0.00000  300   49    0.88735    0.00000   100%  21.8  195s
 367056 266897    0.18701  335   40    0.88735    0.00000   100%  21.7  200s
 380154 275121    0.18972  346   44    0.88735    0.00000   100%  21.6  205s
 390671 283507    0.76179  366   31    0.88735    0.00000   100%  21.6  210s
 404344 292126    0.70738  364   41    0.88735    0.00000   100%  21.6  215s
 416615 300931    0.00653  333   47    0.88735    0.00000   100%  21.5  220s
 425242 308834    0.80855  386   37    0.88735    0.00000   100%  21.5  225s
 437974 317815    0.18298  335   44    0.88735    0.00000   100%  21.5  230s
 447243 325095    0.01611  330   48    0.88735    0.00000   100%  21.5  235s
 458814 333692    0.51185  370   35    0.88735    0.00000   100%  21.4  240s
 469274 343346    0.32346  302   43    0.88735    0.00000   100%  21.4  245s
 476497 349363    0.00000  333   49    0.88735    0.00000   100%  21.4  250s
 489241 357804    0.84566  365   38    0.88735    0.00000   100%  21.4  255s
 502214 365248    0.88043  352   39    0.88735    0.00000   100%  21.3  260s
 510984 370763    0.00157  324   48    0.88735    0.00000   100%  21.3  265s
 518036 378517    0.00000  289   49    0.88735    0.00000   100%  21.3  270s

Explored 525821 nodes (11196674 simplex iterations) in 273.52 seconds
Thread count was 16 (of 16 available processors)

Solution count 10: 0.887349 1.07719 1.12754 ... 454.889

Solve interrupted
Best objective 8.873490813714e-01, best bound 0.000000000000e+00, gap 100.0000%

Gurobi 9.1.1 (mac64) logging started Sun Feb 28 11:42:55 2021

Changed value of parameter LogFile to gurobi.log
   Prev:   Default: 
Gurobi Optimizer version 9.1.1 build v9.1.1rc0 (mac64)
Thread count: 8 physical cores, 16 logical processors, using up to 16 threads
Optimize a model with 1 rows, 481 columns and 481 nonzeros
Model fingerprint: 0x04a67c1a
Model has 115921 quadratic objective terms
Variable types: 0 continuous, 481 integer (481 binary)
Coefficient statistics:
  Matrix range     [1e+00, 1e+00]
  Objective range  [0e+00, 0e+00]
  QObjective range [9e-06, 4e+00]
  Bounds range     [1e+00, 1e+00]
  RHS range        [2e+02, 2e+02]
Found heuristic solution: objective 454.8889151
Presolve time: 0.03s
Presolved: 1 rows, 481 columns, 481 nonzeros
Presolved model has 115921 quadratic objective terms
Variable types: 0 continuous, 481 integer (481 binary)

Root relaxation: objective -1.374590e-14, 2761 iterations, 0.12 seconds

    Nodes    |    Current Node    |     Objective Bounds      |     Work
 Expl Unexpl |  Obj  Depth IntInf | Incumbent    BestBd   Gap | It/Node Time

     0     0   -0.00000    0   50  454.88892   -0.00000   100%     -    0s
H    0     0                       2.2935425   -0.00000   100%     -    0s
H    0     0                       1.4449661   -0.00000   100%     -    0s
     0     0    0.00000    0   50    1.44497    0.00000   100%     -    0s
     0     2    0.00000    0   50    1.44497    0.00000   100%     -    0s
H   51    56                       1.2264575    0.00000   100%  13.4    1s
  4386  4227    0.00000   28   50    1.22646    0.00000   100%  18.4    5s
  9367  8205    0.00000  156   50    1.22646    0.00000   100%  17.2   10s
 16639 12423    0.00000  354   50    1.22646    0.00000   100%  18.4   15s
 24346 17652    0.05819  333   42    1.22646    0.00000   100%  19.6   21s
 29570 23864    0.86099  378   25    1.22646    0.00000   100%  20.1   25s
H29783 23708                       1.1814488    0.00000   100%  20.2   25s
 39606 31810    0.00486  311   47    1.18145    0.00000   100%  20.8   30s
 47595 38591    0.64292  342   40    1.18145    0.00000   100%  21.2   35s
H53052 38182                       1.0130285    0.00000   100%  21.0   37s
 57562 43574    0.54353  333   43    1.01303    0.00000   100%  21.2   40s
 67684 50316    0.41896  320   39    1.01303    0.00000   100%  21.5   45s
H73571 54527                       1.0130257    0.00000   100%  21.6   48s
 75579 56085    0.01279  314   46    1.01303    0.00000   100%  21.6   50s
H82198 61514                       1.0130248    0.00000   100%  22.0   54s
 84501 63002    0.04473  308   45    1.01302    0.00000   100%  22.0   55s
 86478 73223    0.22098  323   42    1.01302    0.00000   100%  22.1   63s
 102494 74977    0.02190  311   48    1.01302    0.00000   100%  22.1   65s
 112431 81237    0.06283  321   43    1.01302    0.00000   100%  22.0   70s
 124111 86820    0.65459  369   38    1.01302    0.00000   100%  21.8   75s
 131395 93278    0.00000  315   49    1.01302    0.00000   100%  21.8   80s
 144230 100232    0.78326  353   40    1.01302    0.00000   100%  21.6   85s
 152570 107370    0.20817  344   41    1.01302    0.00000   100%  21.8   90s
 162571 113159    0.33295  337   44    1.01302    0.00000   100%  21.7   95s
 172928 119278    0.03744  336   47    1.01302    0.00000   100%  21.6  100s
 186010 125520     cutoff  346         1.01302    0.00000   100%  21.5  105s
 196894 133523    0.21753  358   40    1.01302    0.00000   100%  21.5  111s
 205042 138186    0.46330  357   38    1.01302    0.00000   100%  21.5  115s
 218568 145430    0.91775  371   38    1.01302    0.00000   100%  21.4  120s
 229114 150257    0.00897  341   47    1.01302    0.00000   100%  21.2  125s
 239894 157050    0.01691  316   46    1.01302    0.00000   100%  21.3  130s
 247336 165062    0.06451  351   47    1.01302    0.00000   100%  21.3  135s
 257849 179533    0.28548  365   40    1.01302    0.00000   100%  21.3  146s
 278602 193820    0.09917  317   43    1.01302    0.00000   100%  21.1  156s
 300113 198086    0.81210  379   33    1.01302    0.00000   100%  21.0  160s
 309629 203655    0.28746  344   39    1.01302    0.00000   100%  21.0  165s
 319857 209034    0.29691  360   41    1.01302    0.00000   100%  20.9  171s
 327510 214962     cutoff  350         1.01302    0.00000   100%  20.9  175s
 339753 221124    0.37499  359   40    1.01302    0.00000   100%  20.8  180s
 347976 228307    0.93445  363   31    1.01302    0.00000   100%  20.8  185s
 359199 235789    0.24469  367   43    1.01302    0.00000   100%  20.7  190s
 370074 241646    0.08364  363   44    1.01302    0.00000   100%  20.7  195s
 383498 248082    0.35326  352   43    1.01302    0.00000   100%  20.6  200s
 394904 252820    0.05877  343   48    1.01302    0.00000   100%  20.4  205s
 405857 260175    0.01003  343   47    1.01302    0.00000   100%  20.4  210s
 416149 266793    0.00057  334   48    1.01302    0.00000   100%  20.4  215s
 424753 272720    0.03082  357   44    1.01302    0.00000   100%  20.3  220s
 431851 277505    0.22551  372   42    1.01302    0.00000   100%  20.3  225s

Explored 437644 nodes (8886604 simplex iterations) in 227.14 seconds
Thread count was 16 (of 16 available processors)

Solution count 7: 1.01302 1.01303 1.18145 ... 454.889

Solve interrupted
Best objective 1.013024816584e+00, best bound 0.000000000000e+00, gap 100.0000%
